<?xml version="1.0" encoding="UTF-8"?>
<testng-results ignored="0" total="1" passed="1" failed="0" skipped="0">
  <reporter-output>
    <line>
      <![CDATA[Login Success]]>
    </line>
    <line>
      <![CDATA[Navigation to Tasks Tab is Success]]>
    </line>
    <line>
      <![CDATA[Customer Created Success]]>
    </line>
    <line>
      <![CDATA[Logout is Success]]>
    </line>
  </reporter-output>
  <suite started-at="2022-07-19T11:41:58 IST" name="Suite" finished-at="2022-07-19T11:42:23 IST" duration-ms="24839">
    <groups>
    </groups>
    <test started-at="2022-07-19T11:41:58 IST" name="Test" finished-at="2022-07-19T11:42:23 IST" duration-ms="24839">
      <class name="tsetCases.NewTest">
        <test-method is-config="true" signature="launchBrowser(java.lang.String)[pri:0, instance:tsetCases.NewTest@71def8f8]" started-at="2022-07-19T11:41:58 IST" name="launchBrowser" finished-at="2022-07-19T11:42:13 IST" duration-ms="15350" status="PASS">
          <params>
            <param index="0">
              <value>
                <![CDATA[Chrome]]>
              </value>
            </param>
          </params>
          <reporter-output>
          </reporter-output>
        </test-method> <!-- launchBrowser -->
        <test-method is-config="true" signature="loginToApp()[pri:0, instance:tsetCases.NewTest@71def8f8]" started-at="2022-07-19T11:42:13 IST" name="loginToApp" finished-at="2022-07-19T11:42:17 IST" duration-ms="4347" status="PASS">
          <reporter-output>
            <line>
              <![CDATA[Login Success]]>
            </line>
          </reporter-output>
        </test-method> <!-- loginToApp -->
        <test-method signature="createCustomerTest()[pri:0, instance:tsetCases.NewTest@71def8f8]" started-at="2022-07-19T11:42:17 IST" name="createCustomerTest" finished-at="2022-07-19T11:42:21 IST" duration-ms="3072" status="PASS">
          <reporter-output>
            <line>
              <![CDATA[Navigation to Tasks Tab is Success]]>
            </line>
            <line>
              <![CDATA[Customer Created Success]]>
            </line>
          </reporter-output>
        </test-method> <!-- createCustomerTest -->
        <test-method is-config="true" signature="logOutFromApp()[pri:0, instance:tsetCases.NewTest@71def8f8]" started-at="2022-07-19T11:42:21 IST" name="logOutFromApp" finished-at="2022-07-19T11:42:23 IST" duration-ms="1758" status="PASS">
          <reporter-output>
            <line>
              <![CDATA[Logout is Success]]>
            </line>
          </reporter-output>
        </test-method> <!-- logOutFromApp -->
        <test-method is-config="true" signature="tearDown()[pri:0, instance:tsetCases.NewTest@71def8f8]" started-at="2022-07-19T11:42:23 IST" name="tearDown" finished-at="2022-07-19T11:42:23 IST" duration-ms="109" status="PASS">
          <reporter-output>
          </reporter-output>
        </test-method> <!-- tearDown -->
      </class> <!-- tsetCases.NewTest -->
    </test> <!-- Test -->
  </suite> <!-- Suite -->
</testng-results>
